  Product.cpp
  ErrorMessage.cpp
  Date.cpp
  AmaProduct.cpp
c:\users\jasoni7\desktop\oop244\ms6\errormessage.h(33): warning C4996: 'strcpy': This function or variable may be unsafe. Consider using strcpy_s instead. To disable deprecation, use _CRT_SECURE_NO_WARNINGS. See online help for details.
  c:\program files (x86)\windows kits\10\include\10.0.10240.0\ucrt\string.h(119): note: see declaration of 'strcpy'
c:\users\jasoni7\desktop\oop244\ms6\amaproduct.cpp(20): warning C4996: 'strcpy': This function or variable may be unsafe. Consider using strcpy_s instead. To disable deprecation, use _CRT_SECURE_NO_WARNINGS. See online help for details.
  c:\program files (x86)\windows kits\10\include\10.0.10240.0\ucrt\string.h(119): note: see declaration of 'strcpy'
c:\users\jasoni7\desktop\oop244\ms6\amaproduct.cpp(63): warning C4800: 'int': forcing value to bool 'true' or 'false' (performance warning)
  AmaPerishable.cpp
c:\users\jasoni7\desktop\oop244\ms6\errormessage.h(33): warning C4996: 'strcpy': This function or variable may be unsafe. Consider using strcpy_s instead. To disable deprecation, use _CRT_SECURE_NO_WARNINGS. See online help for details.
  c:\program files (x86)\windows kits\10\include\10.0.10240.0\ucrt\string.h(119): note: see declaration of 'strcpy'
c:\users\jasoni7\desktop\oop244\ms6\amaperishable.cpp(53): warning C4101: 'td': unreferenced local variable
c:\users\jasoni7\desktop\oop244\ms6\amaperishable.cpp(54): warning C4101: 'ti': unreferenced local variable
c:\users\jasoni7\desktop\oop244\ms6\amaperishable.cpp(57): warning C4101: 'un': unreferenced local variable
c:\users\jasoni7\desktop\oop244\ms6\amaperishable.cpp(56): warning C4101: 's': unreferenced local variable
c:\users\jasoni7\desktop\oop244\ms6\amaperishable.cpp(55): warning C4101: 'yn': unreferenced local variable
c:\users\jasoni7\desktop\oop244\ms6\amaperishable.cpp(58): warning C4101: 'n': unreferenced local variable
  AidApp.cpp
c:\users\jasoni7\desktop\oop244\ms6\errormessage.h(33): warning C4996: 'strcpy': This function or variable may be unsafe. Consider using strcpy_s instead. To disable deprecation, use _CRT_SECURE_NO_WARNINGS. See online help for details.
  c:\program files (x86)\windows kits\10\include\10.0.10240.0\ucrt\string.h(119): note: see declaration of 'strcpy'
c:\users\jasoni7\desktop\oop244\ms6\aidapp.cpp(7): warning C4996: 'strcpy': This function or variable may be unsafe. Consider using strcpy_s instead. To disable deprecation, use _CRT_SECURE_NO_WARNINGS. See online help for details.
  c:\program files (x86)\windows kits\10\include\10.0.10240.0\ucrt\string.h(119): note: see declaration of 'strcpy'
  Generating Code...
MSVCRTD.lib(exe_main.obj) : error LNK2019: unresolved external symbol _main referenced in function "int __cdecl invoke_main(void)" (?invoke_main@@YAHXZ)
C:\Users\Jasoni7\Desktop\OOP244\MS6\Debug\MS6.exe : fatal error LNK1120: 1 unresolved externals
